TN:
SF:script/Deploy.s.sol
FN:19,Deploy.prepare
FNDA:0,Deploy.prepare
DA:20,17
DA:20,17
DA:21,17
DA:21,17
DA:22,17
DA:22,17
DA:23,17
DA:23,17
FN:27,Deploy.deployer
FNDA:0,Deploy.deployer
DA:28,17
DA:28,17
DA:28,17
DA:29,17
DA:29,17
DA:29,17
FN:32,Deploy._log
FNDA:17,Deploy._log
DA:33,17
BRDA:33,0,0,-
BRDA:33,0,1,17
DA:34,0
DA:34,0
FN:39,Deploy.run
FNDA:0,Deploy.run
DA:40,17
DA:40,17
DA:50,17
DA:50,17
DA:52,17
DA:52,17
DA:54,17
DA:54,17
FN:80,DeployInstance.prepare
FNDA:18,DeployInstance.prepare
DA:88,18
DA:88,18
DA:89,18
DA:89,18
DA:90,18
DA:90,18
DA:91,18
DA:91,18
DA:92,18
DA:92,18
DA:93,18
DA:93,18
FN:97,DeployInstance.deployer
FNDA:0,DeployInstance.deployer
DA:98,18
DA:98,18
DA:98,18
DA:99,18
DA:99,18
DA:99,18
FN:102,DeployInstance._log
FNDA:18,DeployInstance._log
DA:103,18
BRDA:103,0,0,-
BRDA:103,0,1,-
DA:104,0
DA:104,0
DA:105,0
DA:105,0
FN:110,DeployInstance.run
FNDA:18,DeployInstance.run
DA:111,18
DA:111,18
DA:114,18
DA:114,18
BRDA:114,1,0,-
BRDA:114,1,1,18
DA:115,0
DA:115,0
DA:116,0
DA:116,0
DA:117,0
DA:117,0
DA:118,0
DA:118,0
DA:119,0
DA:119,0
DA:120,0
DA:120,0
DA:123,18
DA:123,18
DA:133,18
DA:133,18
DA:135,18
DA:135,18
DA:137,18
DA:137,18
FNF:8
FNH:4
LF:35
LH:26
BRF:6
BRH:2
end_of_record
TN:
SF:src/UnlockEligibility.sol
FN:79,UnlockEligibility._UNLOCK
FNDA:36,UnlockEligibility._UNLOCK
DA:80,36
DA:80,36
FN:99,UnlockEligibility.
FNDA:17,UnlockEligibility.
DA:100,17
DA:100,17
DA:101,17
DA:101,17
FN:109,UnlockEligibility._setUp
FNDA:18,UnlockEligibility._setUp
DA:111,18
DA:111,18
DA:111,18
DA:114,18
DA:114,18
DA:114,18
DA:117,18
DA:117,18
DA:117,18
DA:128,18
DA:128,18
DA:131,18
DA:131,18
DA:142,18
DA:142,18
DA:145,18
DA:145,18
DA:147,18
DA:147,18
FN:155,UnlockEligibility.getWearerStatus
FNDA:11,UnlockEligibility.getWearerStatus
DA:162,11
DA:162,11
DA:164,11
DA:164,11
FN:172,UnlockEligibility.keyPurchasePrice
FNDA:5,UnlockEligibility.keyPurchasePrice
DA:179,5
DA:179,5
DA:179,5
BRDA:179,0,0,1
BRDA:179,0,1,4
DA:180,1
DA:180,1
DA:184,4
DA:184,4
DA:184,4
FN:188,UnlockEligibility.onKeyPurchase
FNDA:5,UnlockEligibility.onKeyPurchase
DA:198,5
DA:198,5
DA:201,4
DA:201,4
FN:205,UnlockEligibility.onKeyTransfer
FNDA:1,UnlockEligibility.onKeyTransfer
DA:213,1
DA:213,1
FN:224,UnlockEligibility.getUnlockContract
FNDA:0,UnlockEligibility.getUnlockContract
DA:225,18
DA:225,18
DA:225,18
DA:225,18
BRDA:225,1,0,18
BRDA:225,1,1,-
DA:226,18
DA:226,18
DA:226,18
DA:229,0
DA:229,0
BRDA:229,2,0,-
BRDA:229,2,1,-
DA:229,0
DA:229,0
DA:230,0
DA:230,0
BRDA:230,3,0,-
BRDA:230,3,1,-
DA:230,0
DA:230,0
DA:231,0
DA:231,0
BRDA:231,4,0,-
BRDA:231,4,1,-
DA:231,0
DA:231,0
DA:232,0
DA:232,0
BRDA:232,5,0,-
BRDA:232,5,1,-
DA:232,0
DA:232,0
DA:233,0
DA:233,0
BRDA:233,6,0,-
BRDA:233,6,1,-
DA:233,0
DA:233,0
DA:234,0
DA:234,0
BRDA:234,7,0,-
BRDA:234,7,1,-
DA:234,0
DA:234,0
DA:235,0
DA:235,0
BRDA:235,8,0,-
BRDA:235,8,1,-
DA:235,0
DA:235,0
DA:236,0
DA:236,0
BRDA:236,9,0,-
BRDA:236,9,1,-
DA:236,0
DA:236,0
DA:237,0
DA:237,0
BRDA:237,10,0,-
BRDA:237,10,1,-
DA:237,0
DA:237,0
DA:238,0
DA:238,0
BRDA:238,11,0,-
BRDA:238,11,1,-
DA:238,0
DA:238,0
DA:239,0
DA:239,0
BRDA:239,12,0,-
BRDA:239,12,1,-
DA:239,0
DA:239,0
DA:242,0
DA:242,0
FN:251,UnlockEligibility._checkIsLock
FNDA:5,UnlockEligibility._checkIsLock
DA:252,5
DA:252,5
DA:252,5
BRDA:252,13,0,1
BRDA:252,13,1,4
DA:252,1
FNF:9
FNH:8
LF:34
LH:22
BRF:28
BRH:5
end_of_record
TN:
SF:test/UnlockEligibility.t.sol
FN:51,UnlockEligibilityTest.setUp
FNDA:17,UnlockEligibilityTest.setUp
DA:53,17
DA:53,17
DA:56,17
DA:56,17
DA:57,17
DA:57,17
FN:62,WithInstanceTest.setUp
FNDA:17,WithInstanceTest.setUp
DA:63,17
DA:63,17
DA:66,17
DA:66,17
DA:69,17
DA:69,17
DA:80,17
DA:80,17
DA:81,17
DA:81,17
DA:82,17
DA:82,17
DA:83,17
DA:83,17
DA:84,17
DA:84,17
DA:87,17
DA:87,17
DA:88,17
DA:88,17
DA:89,17
DA:89,17
DA:92,17
DA:92,17
DA:93,17
DA:93,17
DA:96,17
DA:96,17
DA:97,17
DA:97,17
FN:102,WithInstanceTest._purchaseSingleKey
FNDA:3,WithInstanceTest._purchaseSingleKey
DA:104,3
DA:104,3
DA:107,3
DA:107,3
DA:107,3
DA:108,3
DA:108,3
DA:109,3
DA:109,3
DA:109,3
DA:110,3
DA:110,3
DA:111,3
DA:111,3
DA:111,3
DA:112,3
DA:112,3
DA:113,3
DA:113,3
DA:113,3
DA:114,3
DA:114,3
DA:115,3
DA:115,3
DA:115,3
DA:116,3
DA:116,3
DA:119,3
DA:119,3
DA:119,3
DA:122,3
DA:122,3
DA:123,3
DA:123,3
DA:125,3
DA:125,3
FN:128,WithInstanceTest._getLock
FNDA:6,WithInstanceTest._getLock
DA:129,6
DA:129,6
DA:129,6
FNF:4
FNH:4
LF:34
LH:34
BRF:0
BRH:0
end_of_record
